Time resolution is 1 ps
Block Memory Generator module tb_top_processor.top_processor.bram_a.inst.\native_mem_module.blk_mem_gen_v8_4_5_inst  is using a behavioral model for simulation which will not precisely model memory collision behavior.
Block Memory Generator module tb_top_processor.top_processor.bram_b.inst.\native_mem_module.blk_mem_gen_v8_4_5_inst  is using a behavioral model for simulation which will not precisely model memory collision behavior.
Block Memory Generator module tb_top_processor.top_processor.bram_o.inst.\native_mem_module.blk_mem_gen_v8_4_5_inst  is using a behavioral model for simulation which will not precisely model memory collision behavior.
Block Memory Generator module tb_top_processor.top_processor.bram_op.inst.\native_mem_module.blk_mem_gen_v8_4_5_inst  is using a behavioral model for simulation which will not precisely model memory collision behavior.
Data at address    0:          3
Data at address    1:          3
Data at address    2:          3
Data at address    3:          3
Data at address    4:          3
Data at address    5:          3
Data at address    6:          3
Data at address    7:          3
Data at address    8:          3
Data at address    9:          3
Data at address   10:          3
Data at address   11:          3
Data at address   12:          3
Data at address   13:          3
Data at address   14:          3
Data at address   15:          3
Data at address   16:          3
Data at address   17:          3
Data at address   18:          3
Data at address   19:          3
Data at address   20:          3
Data at address   21:          3
Data at address   22:          3
Data at address   23:          3
Data at address   24:          3
Data at address   25:          3
Data at address   26:          3
Data at address   27:          3
Data at address   28:          3
Data at address   29:          3
Data at address   30:          3
Data at address   31:          3
Data at address   32:          3
Data at address   33:          3
Data at address   34:          3
Data at address   35:          3
Data at address   36:          3
Data at address   37:          3
Data at address   38:          3
Data at address   39:          3
Data at address   40:          3
Data at address   41:          3
Data at address   42:          3
Data at address   43:          3
Data at address   44:          3
Data at address   45:          3
Data at address   46:          3
Data at address   47:          3
Data at address   48:          3
Data at address   49:          3
Data at address   50:          3
Data at address   51:          3
Data at address   52:          3
Data at address   53:          3
Data at address   54:          3
Data at address   55:          3
Data at address   56:          3
Data at address   57:          3
Data at address   58:          3
Data at address   59:          3
Data at address   60:          3
Data at address   61:          3
Data at address   62:          3
Data at address   63:          3
Data at address   64:          3
Data at address   65:          3
Data at address   66:          3
Data at address   67:          3
Data at address   68:          3
Data at address   69:          3
Data at address   70:          3
Data at address   71:          3
Data at address   72:          3
Data at address   73:          3
Data at address   74:          3
Data at address   75:          3
Data at address   76:          3
Data at address   77:          3
Data at address   78:          3
Data at address   79:          3
Data at address   80:          3
Data at address   81:          3
Data at address   82:          3
Data at address   83:          3
Data at address   84:          3
Data at address   85:          3
Data at address   86:          3
Data at address   87:          3
Data at address   88:          3
Data at address   89:          3
Data at address   90:          3
Data at address   91:          3
Data at address   92:          3
Data at address   93:          3
Data at address   94:          3
Data at address   95:          3
Data at address   96:          3
Data at address   97:          3
Data at address   98:          3
Data at address   99:          3
Data at address  100:          3
Data at address  101:          3
Data at address  102:          3
Data at address  103:          3
Data at address  104:          3
Data at address  105:          3
Data at address  106:          3
Data at address  107:          3
Data at address  108:          3
Data at address  109:          3
Data at address  110:          3
Data at address  111:          3
Data at address  112:          3
Data at address  113:          3
Data at address  114:          3
Data at address  115:          3
Data at address  116:          3
Data at address  117:          3
Data at address  118:          3
Data at address  119:          3
Data at address  120:          3
Data at address  121:          3
Data at address  122:          3
Data at address  123:          3
Data at address  124:          3
Data at address  125:          3
Data at address  126:          3
Data at address  127:          3
Data at address  128:          3
Data at address  129:          3
Data at address  130:          3
Data at address  131:          3
Data at address  132:          3
Data at address  133:          3
Data at address  134:          3
Data at address  135:          3
Data at address  136:          3
Data at address  137:          3
Data at address  138:          3
Data at address  139:          3
Data at address  140:          3
Data at address  141:          3
Data at address  142:          3
Data at address  143:          3
Data at address  144:          3
Data at address  145:          3
Data at address  146:          3
Data at address  147:          3
Data at address  148: 4294967295
Data at address  149: 4294967295
Data at address  150: 4294967295
Data at address  151: 4294967295
Data at address  152: 4294967295
Data at address  153: 4294967295
Data at address  154: 4294967295
Data at address  155: 4294967295
Data at address  156: 4294967295
Data at address  157: 4294967295
Data at address  158: 4294967295
Data at address  159: 4294967295
Data at address  160: 4294967295
Data at address  161: 4294967295
Data at address  162: 4294967295
Data at address  163: 4294967295
Data at address  164: 4294967295
Data at address  165: 4294967295
Data at address  166: 4294967295
Data at address  167: 4294967295
Data at address  168: 4294967295
Data at address  169: 4294967295
Data at address  170: 4294967295
Data at address  171: 4294967295
Data at address  172: 4294967295
Data at address  173: 4294967295
Data at address  174: 4294967295
Data at address  175: 4294967295
Data at address  176: 4294967295
Data at address  177: 4294967295
Data at address  178: 4294967295
Data at address  179: 4294967295
Data at address  180: 4294967295
Data at address  181: 4294967295
Data at address  182: 4294967295
Data at address  183: 4294967295
Data at address  184: 4294967295
Data at address  185: 4294967295
Data at address  186: 4294967295
Data at address  187: 4294967295
Data at address  188: 4294967295
Data at address  189: 4294967295
Data at address  190: 4294967295
Data at address  191: 4294967295
Data at address  192: 4294967295
Data at address  193: 4294967295
Data at address  194: 4294967295
Data at address  195: 4294967295
Data at address  196: 4294967295
Data at address  197: 4294967295
Data at address  198: 4294967295
Data at address  199: 4294967295
Data at address  200: 4294967295
Data at address  201: 4294967295
Data at address  202: 4294967295
Data at address  203: 4294967295
Data at address  204: 4294967295
Data at address  205: 4294967295
Data at address  206: 4294967295
Data at address  207: 4294967295
Data at address  208: 4294967295
Data at address  209: 4294967295
Data at address  210: 4294967295
Data at address  211: 4294967295
Data at address  212: 4294967295
Data at address  213: 4294967295
Data at address  214: 4294967295
Data at address  215: 4294967295
Data at address  216: 4294967295
Data at address  217: 4294967295
Data at address  218: 4294967295
Data at address  219: 4294967295
Data at address  220: 4294967295
Data at address  221: 4294967295
Data at address  222: 4294967295
Data at address  223: 4294967295
Data at address  224: 4294967295
Data at address  225: 4294967295
Data at address  226: 4294967295
Data at address  227: 4294967295
Data at address  228: 4294967295
Data at address  229: 4294967295
Data at address  230: 4294967295
Data at address  231: 4294967295
Data at address  232: 4294967295
Data at address  233: 4294967295
Data at address  234: 4294967295
Data at address  235: 4294967295
Data at address  236: 4294967295
Data at address  237: 4294967295
Data at address  238: 4294967295
Data at address  239: 4294967295
Data at address  240: 4294967295
Data at address  241: 4294967295
Data at address  242: 4294967295
Data at address  243: 4294967295
Data at address  244: 4294967295
Data at address  245: 4294967295
Data at address  246: 4294967295
Data at address  247: 4294967295
Data at address  248: 4294967295
Data at address  249: 4294967295
Data at address  250: 4294967295
Data at address  251: 4294967295
Data at address  252: 4294967295
Data at address  253: 4294967295
Data at address  254: 4294967295
Data at address  255: 4294967295
Data at address  256: 4294967295
Data at address  257: 4294967295
Data at address  258: 4294967295
Data at address  259: 4294967295
Data at address  260: 4294967295
Data at address  261: 4294967295
Data at address  262: 4294967295
Data at address  263: 4294967295
Data at address  264: 4294967295
Data at address  265: 4294967295
Data at address  266: 4294967295
Data at address  267: 4294967295
Data at address  268: 4294967295
Data at address  269: 4294967295
Data at address  270: 4294967295
Data at address  271: 4294967295
Data at address  272: 4294967295
Data at address  273: 4294967295
Data at address  274: 4294967295
Data at address  275: 4294967295
Data at address  276:          0
Data at address  277:          0
Data at address  278:          0
Data at address  279:          0
Data at address  280:          0
Data at address  281:          0
Data at address  282:          0
Data at address  283:          0
Data at address  284:          0
Data at address  285:          0
Data at address  286:          0
Data at address  287:          0
Data at address  288:          0
Data at address  289:          0
Data at address  290:          0
Data at address  291:          0
Data at address  292:          0
Data at address  293:          0
Data at address  294:          0
Data at address  295:          0
Data at address  296:          0
Data at address  297:          0
Data at address  298:          0
Data at address  299:          0
Data at address  300:          0
Data at address  301:          0
Data at address  302:          0
Data at address  303:          0
Data at address  304:          0
Data at address  305:          0
Data at address  306:          0
Data at address  307:          0
Data at address  308:          0
Data at address  309:          0
Data at address  310:          0
Data at address  311:          0
Data at address  312:          0
Data at address  313:          0
Data at address  314:          0
Data at address  315:          0
Data at address  316:          0
Data at address  317:          0
Data at address  318:          0
Data at address  319:          0
Data at address  320:          0
Data at address  321:          0
Data at address  322:          0
Data at address  323:          0
Data at address  324:          0
Data at address  325:          0
Data at address  326:          0
Data at address  327:          0
Data at address  328:          0
Data at address  329:          0
Data at address  330:          0
Data at address  331:          0
Data at address  332:          0
Data at address  333:          0
Data at address  334:          0
Data at address  335:          0
Data at address  336:          0
Data at address  337:          0
Data at address  338:          0
Data at address  339:          0
Data at address  340:          0
Data at address  341:          0
Data at address  342:          0
Data at address  343:          0
Data at address  344:          0
Data at address  345:          0
Data at address  346:          0
Data at address  347:          0
Data at address  348:          0
Data at address  349:          0
Data at address  350:          0
Data at address  351:          0
Data at address  352:          0
Data at address  353:          0
Data at address  354:          0
Data at address  355:          0
Data at address  356:          0
Data at address  357:          0
Data at address  358:          0
Data at address  359:          0
Data at address  360:          0
Data at address  361:          0
Data at address  362:          0
Data at address  363:          0
Data at address  364:          0
Data at address  365:          0
Data at address  366:          0
Data at address  367:          0
Data at address  368:          0
Data at address  369:          0
Data at address  370:          0
Data at address  371:          0
Data at address  372:          0
Data at address  373:          0
Data at address  374:          0
Data at address  375:          0
Data at address  376:          0
Data at address  377:          0
Data at address  378:          0
Data at address  379:          0
Data at address  380:          0
Data at address  381:          0
Data at address  382:          0
Data at address  383:          0
Data at address  384:          0
Data at address  385:          0
Data at address  386:          0
Data at address  387:          0
Data at address  388:          0
Data at address  389:          0
Data at address  390:          0
Data at address  391:          0
Data at address  392:          0
Data at address  393:          0
Data at address  394:          0
Data at address  395:          0
Data at address  396:          0
Data at address  397:          0
Data at address  398:          0
Data at address  399:          0
Data at address  400:          0
Data at address  401:          0
Data at address  402:          0
Data at address  403:          0
Data at address  404:          3
Data at address  405:          3
Data at address  406:          3
Data at address  407:          3
Data at address  408:          3
Data at address  409:          3
Data at address  410:          3
Data at address  411:          3
Data at address  412:          3
Data at address  413:          3
Data at address  414:          3
Data at address  415:          3
Data at address  416:          3
Data at address  417:          3
Data at address  418:          3
Data at address  419:          3
Data at address  420:          3
Data at address  421:          3
Data at address  422:          3
Data at address  423:          3
Data at address  424:          3
Data at address  425:          3
Data at address  426:          3
Data at address  427:          3
Data at address  428:          3
Data at address  429:          3
Data at address  430:          3
Data at address  431:          3
Data at address  432:          3
Data at address  433:          3
Data at address  434:          3
Data at address  435:          3
Data at address  436:          3
Data at address  437:          3
Data at address  438:          3
Data at address  439:          3
Data at address  440:          3
Data at address  441:          3
Data at address  442:          3
Data at address  443:          3
Data at address  444:          3
Data at address  445:          3
Data at address  446:          3
Data at address  447:          3
Data at address  448:          3
Data at address  449:          3
Data at address  450:          3
Data at address  451:          3
Data at address  452:          3
Data at address  453:          3
Data at address  454:          3
Data at address  455:          3
Data at address  456:          3
Data at address  457:          3
Data at address  458:          3
Data at address  459:          3
Data at address  460:          3
Data at address  461:          3
Data at address  462:          3
Data at address  463:          3
Data at address  464:          3
Data at address  465:          3
Data at address  466:          3
Data at address  467:          3
Data at address  468:          3
Data at address  469:          3
Data at address  470:          3
Data at address  471:          3
Data at address  472:          3
Data at address  473:          3
Data at address  474:          3
Data at address  475:          3
Data at address  476:          3
Data at address  477:          3
Data at address  478:          3
Data at address  479:          3
Data at address  480:          3
Data at address  481:          3
Data at address  482:          3
Data at address  483:          3
Data at address  484:          3
Data at address  485:          3
Data at address  486:          3
Data at address  487:          3
Data at address  488:          3
Data at address  489:          3
Data at address  490:          3
Data at address  491:          3
Data at address  492:          3
Data at address  493:          3
Data at address  494:          3
Data at address  495:          3
Data at address  496:          3
Data at address  497:          3
Data at address  498:          3
Data at address  499:          3
Data at address  500:          3
Data at address  501:          3
Data at address  502:          3
Data at address  503:          3
Data at address  504:          3
Data at address  505:          3
Data at address  506:          3
Data at address  507:          3
Data at address  508:          3
Data at address  509:          3
Data at address  510:          3
Data at address  511:          3
Data at address  512:          3
Data at address  513:          3
Data at address  514:          3
Data at address  515:          3
Data at address  516:          3
Data at address  517:          3
Data at address  518:          3
Data at address  519:          3
Data at address  520:          3
Data at address  521:          3
Data at address  522:          3
Data at address  523:          3
Data at address  524:          3
Data at address  525:          3
Data at address  526:          3
Data at address  527:          3
Data at address  528:          3
Data at address  529:          3
Data at address  530:          3
Data at address  531:          3
Data at address  532:          4
Data at address  533:          4
Data at address  534:          4
Data at address  535:          4
Data at address  536:          4
Data at address  537:          4
Data at address  538:          4
Data at address  539:          4
Data at address  540:          4
Data at address  541:          4
Data at address  542:          4
Data at address  543:          4
Data at address  544:          4
Data at address  545:          4
Data at address  546:          4
Data at address  547:          4
Data at address  548:          4
Data at address  549:          4
Data at address  550:          4
Data at address  551:          4
Data at address  552:          4
Data at address  553:          4
Data at address  554:          4
Data at address  555:          4
Data at address  556:          4
Data at address  557:          4
Data at address  558:          4
Data at address  559:          4
Data at address  560:          4
Data at address  561:          4
Data at address  562:          4
Data at address  563:          4
Data at address  564:          4
Data at address  565:          4
Data at address  566:          4
Data at address  567:          4
Data at address  568:          4
Data at address  569:          4
Data at address  570:          4
Data at address  571:          4
Data at address  572:          4
Data at address  573:          4
Data at address  574:          4
Data at address  575:          4
Data at address  576:          4
Data at address  577:          4
Data at address  578:          4
Data at address  579:          4
Data at address  580:          4
Data at address  581:          4
Data at address  582:          4
Data at address  583:          4
Data at address  584:          4
Data at address  585:          4
Data at address  586:          4
Data at address  587:          4
Data at address  588:          4
Data at address  589:          4
Data at address  590:          4
Data at address  591:          4
Data at address  592:          4
Data at address  593:          4
Data at address  594:          4
Data at address  595:          4
Data at address  596:          4
Data at address  597:          4
Data at address  598:          4
Data at address  599:          4
Data at address  600:          4
Data at address  601:          4
Data at address  602:          4
Data at address  603:          4
Data at address  604:          4
Data at address  605:          4
Data at address  606:          4
Data at address  607:          4
Data at address  608:          4
Data at address  609:          4
Data at address  610:          4
Data at address  611:          4
Data at address  612:          4
Data at address  613:          4
Data at address  614:          4
Data at address  615:          4
Data at address  616:          4
Data at address  617:          4
Data at address  618:          4
Data at address  619:          4
Data at address  620:          4
Data at address  621:          4
Data at address  622:          4
Data at address  623:          4
Data at address  624:          4
Data at address  625:          4
Data at address  626:          4
Data at address  627:          4
Data at address  628:          4
Data at address  629:          4
Data at address  630:          4
Data at address  631:          4
Data at address  632:          4
Data at address  633:          4
Data at address  634:          4
Data at address  635:          4
Data at address  636:          4
Data at address  637:          4
Data at address  638:          4
Data at address  639:          4
Data at address  640:          4
Data at address  641:          4
Data at address  642:          4
Data at address  643:          4
Data at address  644:          4
Data at address  645:          4
Data at address  646:          4
Data at address  647:          4
Data at address  648:          4
Data at address  649:          4
Data at address  650:          4
Data at address  651:          4
Data at address  652:          4
Data at address  653:          4
Data at address  654:          4
Data at address  655:          4
Data at address  656:          4
Data at address  657:          4
Data at address  658:          4
Data at address  659:          4
Data at address  660:          0
Data at address  661:          0
Data at address  662:          0
Data at address  663:          0
Data at address  664:          0
Data at address  665:          0
Data at address  666:          0
Data at address  667:          0
Data at address  668:          0
Data at address  669:          0
Data at address  670:          0
Data at address  671:          0
Data at address  672:          0
Data at address  673:          0
Data at address  674:          0
Data at address  675:          0
Data at address  676:          0
Data at address  677:          0
Data at address  678:          0
Data at address  679:          0
Data at address  680:          0
Data at address  681:          0
Data at address  682:          0
Data at address  683:          0
Data at address  684:          0
Data at address  685:          0
Data at address  686:          0
Data at address  687:          0
Data at address  688:          0
Data at address  689:          0
Data at address  690:          0
Data at address  691:          0
Data at address  692:          0
Data at address  693:          0
Data at address  694:          0
Data at address  695:          0
Data at address  696:          0
Data at address  697:          0
Data at address  698:          0
Data at address  699:          0
Data at address  700:          0
Data at address  701:          0
Data at address  702:          0
Data at address  703:          0
Data at address  704:          0
Data at address  705:          0
Data at address  706:          0
Data at address  707:          0
Data at address  708:          0
Data at address  709:          0
Data at address  710:          0
Data at address  711:          0
Data at address  712:          0
Data at address  713:          0
Data at address  714:          0
Data at address  715:          0
Data at address  716:          0
Data at address  717:          0
Data at address  718:          0
Data at address  719:          0
Data at address  720:          0
Data at address  721:          0
Data at address  722:          0
Data at address  723:          0
Data at address  724:          0
Data at address  725:          0
Data at address  726:          0
Data at address  727:          0
Data at address  728:          0
Data at address  729:          0
Data at address  730:          0
Data at address  731:          0
Data at address  732:          0
Data at address  733:          0
Data at address  734:          0
Data at address  735:          0
Data at address  736:          0
Data at address  737:          0
Data at address  738:          0
Data at address  739:          0
Data at address  740:          0
Data at address  741:          0
Data at address  742:          0
Data at address  743:          0
Data at address  744:          0
Data at address  745:          0
Data at address  746:          0
Data at address  747:          0
Data at address  748:          0
Data at address  749:          0
Data at address  750:          0
Data at address  751:          0
Data at address  752:          0
Data at address  753:          0
Data at address  754:          0
Data at address  755:          0
Data at address  756:          0
Data at address  757:          0
Data at address  758:          0
Data at address  759:          0
Data at address  760:          0
Data at address  761:          0
Data at address  762:          0
Data at address  763:          0
Data at address  764:          0
Data at address  765:          0
Data at address  766:          0
Data at address  767:          0
Data at address  768:          0
Data at address  769:          0
Data at address  770:          0
Data at address  771:          0
Data at address  772:          0
Data at address  773:          0
Data at address  774:          0
Data at address  775:          0
Data at address  776:          0
Data at address  777:          0
Data at address  778:          0
Data at address  779:          0
Data at address  780:          0
Data at address  781:          0
Data at address  782:          0
Data at address  783:          0
Data at address  784:          0
Data at address  785:          0
Data at address  786:          0
Data at address  787:          0
Data at address  788:          1
Data at address  789:          1
Data at address  790:          1
Data at address  791:          1
Data at address  792:          1
Data at address  793:          1
Data at address  794:          1
Data at address  795:          1
Data at address  796:          1
Data at address  797:          1
Data at address  798:          1
Data at address  799:          1
Data at address  800:          1
Data at address  801:          1
Data at address  802:          1
Data at address  803:          1
Data at address  804:          1
Data at address  805:          1
Data at address  806:          1
Data at address  807:          1
Data at address  808:          1
Data at address  809:          1
Data at address  810:          1
Data at address  811:          1
Data at address  812:          1
Data at address  813:          1
Data at address  814:          1
Data at address  815:          1
Data at address  816:          1
Data at address  817:          1
Data at address  818:          1
Data at address  819:          1
Data at address  820:          1
Data at address  821:          1
Data at address  822:          1
Data at address  823:          1
Data at address  824:          1
Data at address  825:          1
Data at address  826:          1
Data at address  827:          1
Data at address  828:          1
Data at address  829:          1
Data at address  830:          1
Data at address  831:          1
Data at address  832:          1
Data at address  833:          1
Data at address  834:          1
Data at address  835:          1
Data at address  836:          1
Data at address  837:          1
Data at address  838:          1
Data at address  839:          1
Data at address  840:          1
Data at address  841:          1
Data at address  842:          1
Data at address  843:          1
Data at address  844:          1
Data at address  845:          1
Data at address  846:          1
Data at address  847:          1
Data at address  848:          1
Data at address  849:          1
Data at address  850:          1
Data at address  851:          1
Data at address  852:          1
Data at address  853:          1
Data at address  854:          1
Data at address  855:          1
Data at address  856:          1
Data at address  857:          1
Data at address  858:          1
Data at address  859:          1
Data at address  860:          1
Data at address  861:          1
Data at address  862:          1
Data at address  863:          1
Data at address  864:          1
Data at address  865:          1
Data at address  866:          1
Data at address  867:          1
Data at address  868:          1
Data at address  869:          1
Data at address  870:          1
Data at address  871:          1
Data at address  872:          1
Data at address  873:          1
Data at address  874:          1
Data at address  875:          1
Data at address  876:          1
Data at address  877:          1
Data at address  878:          1
Data at address  879:          1
Data at address  880:          1
Data at address  881:          1
Data at address  882:          1
Data at address  883:          1
Data at address  884:          1
Data at address  885:          1
Data at address  886:          1
Data at address  887:          1
Data at address  888:          1
Data at address  889:          1
Data at address  890:          1
Data at address  891:          1
Data at address  892:          1
Data at address  893:          1
Data at address  894:          1
Data at address  895:          1
Data at address  896:          1
Data at address  897:          1
Data at address  898:          1
Data at address  899:          1
Data at address  900:          1
Data at address  901:          1
Data at address  902:          1
Data at address  903:          1
Data at address  904:          1
Data at address  905:          1
Data at address  906:          1
Data at address  907:          1
Data at address  908:          1
Data at address  909:          1
Data at address  910:          1
Data at address  911:          1
Data at address  912:          1
Data at address  913:          1
Data at address  914:          1
Data at address  915:          1
Data at address  916:          3
Data at address  917:          3
Data at address  918:          3
Data at address  919:          3
Data at address  920:          3
Data at address  921:          3
Data at address  922:          3
Data at address  923:          3
Data at address  924:          3
Data at address  925:          3
Data at address  926:          3
Data at address  927:          3
Data at address  928:          3
Data at address  929:          3
Data at address  930:          3
Data at address  931:          3
Data at address  932:          3
Data at address  933:          3
Data at address  934:          3
Data at address  935:          3
Data at address  936:          3
Data at address  937:          3
Data at address  938:          3
Data at address  939:          3
Data at address  940:          3
Data at address  941:          3
Data at address  942:          3
Data at address  943:          3
Data at address  944:          3
Data at address  945:          3
Data at address  946:          3
Data at address  947:          3
Data at address  948:          3
Data at address  949:          3
Data at address  950:          3
Data at address  951:          3
Data at address  952:          3
Data at address  953:          3
Data at address  954:          3
Data at address  955:          3
Data at address  956:          3
Data at address  957:          3
Data at address  958:          3
Data at address  959:          3
Data at address  960:          3
Data at address  961:          3
Data at address  962:          3
Data at address  963:          3
Data at address  964:          3
Data at address  965:          3
Data at address  966:          3
Data at address  967:          3
Data at address  968:          3
Data at address  969:          3
Data at address  970:          3
Data at address  971:          3
Data at address  972:          3
Data at address  973:          3
Data at address  974:          3
Data at address  975:          3
Data at address  976:          3
Data at address  977:          3
Data at address  978:          3
Data at address  979:          3
Data at address  980:          3
Data at address  981:          3
Data at address  982:          3
Data at address  983:          3
Data at address  984:          3
Data at address  985:          3
Data at address  986:          3
Data at address  987:          3
Data at address  988:          3
Data at address  989:          3
Data at address  990:          3
Data at address  991:          3
Data at address  992:          3
Data at address  993:          3
Data at address  994:          3
Data at address  995:          3
Data at address  996:          3
Data at address  997:          3
Data at address  998:          3
Data at address  999:          3
Data at address 1000:          3
Data at address 1001:          3
Data at address 1002:          3
Data at address 1003:          3
Data at address 1004:          3
Data at address 1005:          3
Data at address 1006:          3
Data at address 1007:          3
Data at address 1008:          3
Data at address 1009:          3
Data at address 1010:          3
Data at address 1011:          3
Data at address 1012:          3
Data at address 1013:          3
Data at address 1014:          3
Data at address 1015:          3
Data at address 1016:          3
Data at address 1017:          3
Data at address 1018:          3
Data at address 1019:          3
Data at address 1020:          3
Data at address 1021:          3
Data at address 1022:          3
Data at address 1023:          3
$finish called at time : 52820 ps : File "F:/Repository/Vivado/SoC/SoC_1/SoC_1.srcs/sim_1/new/tb_top_processor.v" Line 198
