Vivado Simulator v2022.2
Copyright 1986-1999, 2001-2022 Xilinx, Inc. All Rights Reserved.
Running: F:/Xilinx/Vivado/2022.2/bin/unwrapped/win64.o/xelab.exe --incr --debug typical --relax --mt 2 -L xil_defaultlib -L unisims_ver -L unimacro_ver -L secureip --snapshot tb_behav xil_defaultlib.tb xil_defaultlib.glbl -log elaborate.log 
Using 2 slave threads.
Starting static elaboration
Pass Through NonSizing Optimizer
Completed static elaboration
Starting simulation data flow analysis
WARNING: [XSIM 43-4099] "F:/Repository/HDL_1/HDL_1.srcs/sources_1/new/counter.v" Line 23. Module counter doesn't have a timescale but at least one module in design has a timescale.
WARNING: [XSIM 43-4099] "F:/Repository/HDL_1/HDL_1.srcs/sources_1/new/d_ff.v" Line 1. Module d_ff doesn't have a timescale but at least one module in design has a timescale.
WARNING: [XSIM 43-4099] "F:/Repository/HDL_1/HDL_1.srcs/sources_1/new/d_ff.v" Line 1. Module d_ff doesn't have a timescale but at least one module in design has a timescale.
WARNING: [XSIM 43-4099] "F:/Repository/HDL_1/HDL_1.srcs/sources_1/new/d_ff.v" Line 1. Module d_ff doesn't have a timescale but at least one module in design has a timescale.
WARNING: [XSIM 43-4099] "F:/Repository/HDL_1/HDL_1.srcs/sources_1/new/d_ff.v" Line 1. Module d_ff doesn't have a timescale but at least one module in design has a timescale.
WARNING: [XSIM 43-4099] "F:/Repository/HDL_1/HDL_1.srcs/sources_1/new/counter.v" Line 23. Module counter doesn't have a timescale but at least one module in design has a timescale.
WARNING: [XSIM 43-4099] "F:/Repository/HDL_1/HDL_1.srcs/sources_1/new/d_ff.v" Line 1. Module d_ff doesn't have a timescale but at least one module in design has a timescale.
WARNING: [XSIM 43-4099] "F:/Repository/HDL_1/HDL_1.srcs/sources_1/new/d_ff.v" Line 1. Module d_ff doesn't have a timescale but at least one module in design has a timescale.
WARNING: [XSIM 43-4099] "F:/Repository/HDL_1/HDL_1.srcs/sources_1/new/d_ff.v" Line 1. Module d_ff doesn't have a timescale but at least one module in design has a timescale.
WARNING: [XSIM 43-4099] "F:/Repository/HDL_1/HDL_1.srcs/sources_1/new/d_ff.v" Line 1. Module d_ff doesn't have a timescale but at least one module in design has a timescale.
Completed simulation data flow analysis
Time Resolution for simulation is 1ps
Compiling module xil_defaultlib.d_ff
Compiling module xil_defaultlib.counter
Compiling module xil_defaultlib.tb
Compiling module xil_defaultlib.glbl
Built simulation snapshot tb_behav
